2013-12-31 22:34:20 Error: [MissingControllerException] Controller class UsersController could not be found.
Exception Attributes: array (
  'class' => 'UsersController',
  'plugin' => NULL,
)
Request URL: /cakephp_chat/Users/login
Stack Trace:
#0 /var/www/cakephp_chat/webroot/index.php(99): Dispatcher->dispatch(Object(CakeRequest), Object(CakeResponse))
#1 {main}
2013-12-31 22:36:04 Error: [MissingActionException] Action UsersController::login() could not be found.
Exception Attributes: array (
  'controller' => 'UsersController',
  'action' => 'login',
)
Request URL: /cakephp_chat/Users/login
Stack Trace:
#0 /var/www/cakephp_chat/Vendor/pear-pear.cakephp.org/CakePHP/Cake/Routing/Dispatcher.php(185): Controller->invokeAction(Object(CakeRequest))
#1 /var/www/cakephp_chat/Vendor/pear-pear.cakephp.org/CakePHP/Cake/Routing/Dispatcher.php(160): Dispatcher->_invoke(Object(UsersController), Object(CakeRequest), Object(CakeResponse))
#2 /var/www/cakephp_chat/webroot/index.php(99): Dispatcher->dispatch(Object(CakeRequest), Object(CakeResponse))
#3 {main}
2013-12-31 22:36:06 Error: [MissingActionException] Action UsersController::login() could not be found.
Exception Attributes: array (
  'controller' => 'UsersController',
  'action' => 'login',
)
Request URL: /cakephp_chat/Users/login
Stack Trace:
#0 /var/www/cakephp_chat/Vendor/pear-pear.cakephp.org/CakePHP/Cake/Routing/Dispatcher.php(185): Controller->invokeAction(Object(CakeRequest))
#1 /var/www/cakephp_chat/Vendor/pear-pear.cakephp.org/CakePHP/Cake/Routing/Dispatcher.php(160): Dispatcher->_invoke(Object(UsersController), Object(CakeRequest), Object(CakeResponse))
#2 /var/www/cakephp_chat/webroot/index.php(99): Dispatcher->dispatch(Object(CakeRequest), Object(CakeResponse))
#3 {main}
2013-12-31 22:36:08 Error: [MissingActionException] Action UsersController::login() could not be found.
Exception Attributes: array (
  'controller' => 'UsersController',
  'action' => 'login',
)
Request URL: /cakephp_chat/Users/login
Stack Trace:
#0 /var/www/cakephp_chat/Vendor/pear-pear.cakephp.org/CakePHP/Cake/Routing/Dispatcher.php(185): Controller->invokeAction(Object(CakeRequest))
#1 /var/www/cakephp_chat/Vendor/pear-pear.cakephp.org/CakePHP/Cake/Routing/Dispatcher.php(160): Dispatcher->_invoke(Object(UsersController), Object(CakeRequest), Object(CakeResponse))
#2 /var/www/cakephp_chat/webroot/index.php(99): Dispatcher->dispatch(Object(CakeRequest), Object(CakeResponse))
#3 {main}
2013-12-31 22:41:11 Error: [MissingActionException] Action UsersController::add() could not be found.
Exception Attributes: array (
  'controller' => 'UsersController',
  'action' => 'add',
)
Request URL: /cakephp_chat/users/add
Stack Trace:
#0 /var/www/cakephp_chat/Vendor/pear-pear.cakephp.org/CakePHP/Cake/Routing/Dispatcher.php(185): Controller->invokeAction(Object(CakeRequest))
#1 /var/www/cakephp_chat/Vendor/pear-pear.cakephp.org/CakePHP/Cake/Routing/Dispatcher.php(160): Dispatcher->_invoke(Object(UsersController), Object(CakeRequest), Object(CakeResponse))
#2 /var/www/cakephp_chat/webroot/index.php(99): Dispatcher->dispatch(Object(CakeRequest), Object(CakeResponse))
#3 {main}
2013-12-31 22:50:21 Error: [MissingActionException] Action UsersController::register() could not be found.
Exception Attributes: array (
  'controller' => 'UsersController',
  'action' => 'register',
)
Request URL: /cakephp_chat/Users/register
Stack Trace:
#0 /var/www/cakephp_chat/Vendor/pear-pear.cakephp.org/CakePHP/Cake/Routing/Dispatcher.php(185): Controller->invokeAction(Object(CakeRequest))
#1 /var/www/cakephp_chat/Vendor/pear-pear.cakephp.org/CakePHP/Cake/Routing/Dispatcher.php(160): Dispatcher->_invoke(Object(UsersController), Object(CakeRequest), Object(CakeResponse))
#2 /var/www/cakephp_chat/webroot/index.php(99): Dispatcher->dispatch(Object(CakeRequest), Object(CakeResponse))
#3 {main}
2013-12-31 22:50:45 Error: [MissingHelperException] Helper class ForumHelper could not be found.
Exception Attributes: array (
  'class' => 'ForumHelper',
  'plugin' => false,
)
Request URL: /cakephp_chat/Users/register
Stack Trace:
#0 /var/www/cakephp_chat/Vendor/pear-pear.cakephp.org/CakePHP/Cake/View/HelperCollection.php(63): HelperCollection->load('Forum')
#1 /var/www/cakephp_chat/Vendor/pear-pear.cakephp.org/CakePHP/Cake/View/View.php(818): HelperCollection->__isset('Forum')
#2 /var/www/cakephp_chat/View/Users/register.ctp(6): View->__get('Forum')
#3 /var/www/cakephp_chat/Vendor/pear-pear.cakephp.org/CakePHP/Cake/View/View.php(929): include('/var/www/cakeph...')
#4 /var/www/cakephp_chat/Vendor/pear-pear.cakephp.org/CakePHP/Cake/View/View.php(891): View->_evaluate('/var/www/cakeph...', Array)
#5 /var/www/cakephp_chat/Vendor/pear-pear.cakephp.org/CakePHP/Cake/View/View.php(460): View->_render('/var/www/cakeph...')
#6 /var/www/cakephp_chat/Vendor/pear-pear.cakephp.org/CakePHP/Cake/Controller/Controller.php(952): View->render(NULL, NULL)
#7 /var/www/cakephp_chat/Vendor/pear-pear.cakephp.org/CakePHP/Cake/Routing/Dispatcher.php(192): Controller->render()
#8 /var/www/cakephp_chat/Vendor/pear-pear.cakephp.org/CakePHP/Cake/Routing/Dispatcher.php(160): Dispatcher->_invoke(Object(UsersController), Object(CakeRequest), Object(CakeResponse))
#9 /var/www/cakephp_chat/webroot/index.php(99): Dispatcher->dispatch(Object(CakeRequest), Object(CakeResponse))
#10 {main}
2013-12-31 23:12:28 Error: Fatal Error (1): Call to a member function validateUser() on a non-object in [/var/www/cakephp_chat/Controller/UsersController.php, line 13]
2013-12-31 23:12:28 Error: [FatalErrorException] Call to a member function validateUser() on a non-object
Request URL: /cakephp_chat/users/register
Stack Trace:
#0 /var/www/cakephp_chat/Vendor/pear-pear.cakephp.org/CakePHP/Cake/Error/ErrorHandler.php(203): ErrorHandler::handleFatalError(1, 'Call to a membe...', '/var/www/cakeph...', 13)
#1 [internal function]: ErrorHandler::handleError(1, 'Call to a membe...', '/var/www/cakeph...', 13, Array)
#2 /var/www/cakephp_chat/Vendor/pear-pear.cakephp.org/CakePHP/Cake/Core/App.php(929): call_user_func('ErrorHandler::h...', 1, 'Call to a membe...', '/var/www/cakeph...', 13, Array)
#3 /var/www/cakephp_chat/Vendor/pear-pear.cakephp.org/CakePHP/Cake/Core/App.php(902): App::_checkFatalError()
#4 [internal function]: App::shutdown()
#5 {main}
2013-12-31 23:53:08 Error: Fatal Error (4): syntax error, unexpected '}' in [/var/www/cakephp_chat/Controller/UsersController.php, line 6]
2013-12-31 23:53:08 Error: [FatalErrorException] syntax error, unexpected '}'
Request URL: /cakephp_chat/users/login
Stack Trace:
#0 /var/www/cakephp_chat/Vendor/pear-pear.cakephp.org/CakePHP/Cake/Error/ErrorHandler.php(203): ErrorHandler::handleFatalError(4, 'syntax error, u...', '/var/www/cakeph...', 6)
#1 [internal function]: ErrorHandler::handleError(4, 'syntax error, u...', '/var/www/cakeph...', 6, Array)
#2 /var/www/cakephp_chat/Vendor/pear-pear.cakephp.org/CakePHP/Cake/Core/App.php(929): call_user_func('ErrorHandler::h...', 4, 'syntax error, u...', '/var/www/cakeph...', 6, Array)
#3 /var/www/cakephp_chat/Vendor/pear-pear.cakephp.org/CakePHP/Cake/Core/App.php(902): App::_checkFatalError()
#4 [internal function]: App::shutdown()
#5 {main}
2014-01-01 00:16:39 Error: [MissingActionException] Action UsersController::rega() could not be found.
Exception Attributes: array (
  'controller' => 'UsersController',
  'action' => 'rega',
)
Request URL: /cakephp_chat/users/rega
Stack Trace:
#0 /var/www/cakephp_chat/Vendor/pear-pear.cakephp.org/CakePHP/Cake/Routing/Dispatcher.php(185): Controller->invokeAction(Object(CakeRequest))
#1 /var/www/cakephp_chat/Vendor/pear-pear.cakephp.org/CakePHP/Cake/Routing/Dispatcher.php(160): Dispatcher->_invoke(Object(UsersController), Object(CakeRequest), Object(CakeResponse))
#2 /var/www/cakephp_chat/webroot/index.php(99): Dispatcher->dispatch(Object(CakeRequest), Object(CakeResponse))
#3 {main}
2014-01-01 00:26:31 Error: Fatal Error (4): syntax error, unexpected ''authorize'' (T_CONSTANT_ENCAPSED_STRING), expecting ')' in [/var/www/cakephp_chat/Controller/AppController.php, line 39]
2014-01-01 00:26:31 Error: [FatalErrorException] syntax error, unexpected ''authorize'' (T_CONSTANT_ENCAPSED_STRING), expecting ')'
Request URL: /cakephp_chat/users/register
Stack Trace:
#0 /var/www/cakephp_chat/Vendor/pear-pear.cakephp.org/CakePHP/Cake/Error/ErrorHandler.php(203): ErrorHandler::handleFatalError(4, 'syntax error, u...', '/var/www/cakeph...', 39)
#1 [internal function]: ErrorHandler::handleError(4, 'syntax error, u...', '/var/www/cakeph...', 39, Array)
#2 /var/www/cakephp_chat/Vendor/pear-pear.cakephp.org/CakePHP/Cake/Core/App.php(929): call_user_func('ErrorHandler::h...', 4, 'syntax error, u...', '/var/www/cakeph...', 39, Array)
#3 /var/www/cakephp_chat/Vendor/pear-pear.cakephp.org/CakePHP/Cake/Core/App.php(902): App::_checkFatalError()
#4 [internal function]: App::shutdown()
#5 {main}
2014-01-01 00:31:37 Error: [MissingHelperException] Helper class AuthHelper could not be found.
Exception Attributes: array (
  'class' => 'AuthHelper',
  'plugin' => false,
)
Request URL: /cakephp_chat/users/login
Stack Trace:
#0 /var/www/cakephp_chat/Vendor/pear-pear.cakephp.org/CakePHP/Cake/View/HelperCollection.php(63): HelperCollection->load('Auth')
#1 /var/www/cakephp_chat/Vendor/pear-pear.cakephp.org/CakePHP/Cake/View/View.php(818): HelperCollection->__isset('Auth')
#2 /var/www/cakephp_chat/View/Layouts/default.ctp(51): View->__get('Auth')
#3 /var/www/cakephp_chat/Vendor/pear-pear.cakephp.org/CakePHP/Cake/View/View.php(929): include('/var/www/cakeph...')
#4 /var/www/cakephp_chat/Vendor/pear-pear.cakephp.org/CakePHP/Cake/View/View.php(891): View->_evaluate('/var/www/cakeph...', Array)
#5 /var/www/cakephp_chat/Vendor/pear-pear.cakephp.org/CakePHP/Cake/View/View.php(523): View->_render('/var/www/cakeph...')
#6 /var/www/cakephp_chat/Vendor/pear-pear.cakephp.org/CakePHP/Cake/View/View.php(468): View->renderLayout('', 'default')
#7 /var/www/cakephp_chat/Vendor/pear-pear.cakephp.org/CakePHP/Cake/Controller/Controller.php(952): View->render(NULL, NULL)
#8 /var/www/cakephp_chat/Vendor/pear-pear.cakephp.org/CakePHP/Cake/Routing/Dispatcher.php(192): Controller->render()
#9 /var/www/cakephp_chat/Vendor/pear-pear.cakephp.org/CakePHP/Cake/Routing/Dispatcher.php(160): Dispatcher->_invoke(Object(UsersController), Object(CakeRequest), Object(CakeResponse))
#10 /var/www/cakephp_chat/webroot/index.php(99): Dispatcher->dispatch(Object(CakeRequest), Object(CakeResponse))
#11 {main}
2014-01-01 00:31:47 Error: [MissingHelperException] Helper class AuthHelper could not be found.
Exception Attributes: array (
  'class' => 'AuthHelper',
  'plugin' => false,
)
Request URL: /cakephp_chat/users/login
Stack Trace:
#0 /var/www/cakephp_chat/Vendor/pear-pear.cakephp.org/CakePHP/Cake/View/HelperCollection.php(63): HelperCollection->load('Auth')
#1 /var/www/cakephp_chat/Vendor/pear-pear.cakephp.org/CakePHP/Cake/View/View.php(818): HelperCollection->__isset('Auth')
#2 /var/www/cakephp_chat/View/Layouts/default.ctp(51): View->__get('Auth')
#3 /var/www/cakephp_chat/Vendor/pear-pear.cakephp.org/CakePHP/Cake/View/View.php(929): include('/var/www/cakeph...')
#4 /var/www/cakephp_chat/Vendor/pear-pear.cakephp.org/CakePHP/Cake/View/View.php(891): View->_evaluate('/var/www/cakeph...', Array)
#5 /var/www/cakephp_chat/Vendor/pear-pear.cakephp.org/CakePHP/Cake/View/View.php(523): View->_render('/var/www/cakeph...')
#6 /var/www/cakephp_chat/Vendor/pear-pear.cakephp.org/CakePHP/Cake/View/View.php(468): View->renderLayout('', 'default')
#7 /var/www/cakephp_chat/Vendor/pear-pear.cakephp.org/CakePHP/Cake/Controller/Controller.php(952): View->render(NULL, NULL)
#8 /var/www/cakephp_chat/Vendor/pear-pear.cakephp.org/CakePHP/Cake/Routing/Dispatcher.php(192): Controller->render()
#9 /var/www/cakephp_chat/Vendor/pear-pear.cakephp.org/CakePHP/Cake/Routing/Dispatcher.php(160): Dispatcher->_invoke(Object(UsersController), Object(CakeRequest), Object(CakeResponse))
#10 /var/www/cakephp_chat/webroot/index.php(99): Dispatcher->dispatch(Object(CakeRequest), Object(CakeResponse))
#11 {main}
2014-01-01 00:34:02 Error: [MissingHelperException] Helper class AuthHelper could not be found.
Exception Attributes: array (
  'class' => 'AuthHelper',
  'plugin' => false,
)
Request URL: /cakephp_chat/users/login
Stack Trace:
#0 /var/www/cakephp_chat/Vendor/pear-pear.cakephp.org/CakePHP/Cake/View/HelperCollection.php(63): HelperCollection->load('Auth')
#1 /var/www/cakephp_chat/Vendor/pear-pear.cakephp.org/CakePHP/Cake/View/View.php(818): HelperCollection->__isset('Auth')
#2 /var/www/cakephp_chat/View/Layouts/default.ctp(51): View->__get('Auth')
#3 /var/www/cakephp_chat/Vendor/pear-pear.cakephp.org/CakePHP/Cake/View/View.php(929): include('/var/www/cakeph...')
#4 /var/www/cakephp_chat/Vendor/pear-pear.cakephp.org/CakePHP/Cake/View/View.php(891): View->_evaluate('/var/www/cakeph...', Array)
#5 /var/www/cakephp_chat/Vendor/pear-pear.cakephp.org/CakePHP/Cake/View/View.php(523): View->_render('/var/www/cakeph...')
#6 /var/www/cakephp_chat/Vendor/pear-pear.cakephp.org/CakePHP/Cake/View/View.php(468): View->renderLayout('', 'default')
#7 /var/www/cakephp_chat/Vendor/pear-pear.cakephp.org/CakePHP/Cake/Controller/Controller.php(952): View->render(NULL, NULL)
#8 /var/www/cakephp_chat/Vendor/pear-pear.cakephp.org/CakePHP/Cake/Routing/Dispatcher.php(192): Controller->render()
#9 /var/www/cakephp_chat/Vendor/pear-pear.cakephp.org/CakePHP/Cake/Routing/Dispatcher.php(160): Dispatcher->_invoke(Object(UsersController), Object(CakeRequest), Object(CakeResponse))
#10 /var/www/cakephp_chat/webroot/index.php(99): Dispatcher->dispatch(Object(CakeRequest), Object(CakeResponse))
#11 {main}
2014-01-01 01:06:23 Error: Fatal Error (4): syntax error, unexpected ''rule2'' (T_CONSTANT_ENCAPSED_STRING), expecting ')' in [/var/www/cakephp_chat/Model/User.php, line 11]
2014-01-01 01:06:23 Error: [FatalErrorException] syntax error, unexpected ''rule2'' (T_CONSTANT_ENCAPSED_STRING), expecting ')'
Request URL: /cakephp_chat/users/register
Stack Trace:
#0 /var/www/cakephp_chat/Vendor/pear-pear.cakephp.org/CakePHP/Cake/Error/ErrorHandler.php(203): ErrorHandler::handleFatalError(4, 'syntax error, u...', '/var/www/cakeph...', 11)
#1 [internal function]: ErrorHandler::handleError(4, 'syntax error, u...', '/var/www/cakeph...', 11, Array)
#2 /var/www/cakephp_chat/Vendor/pear-pear.cakephp.org/CakePHP/Cake/Core/App.php(929): call_user_func('ErrorHandler::h...', 4, 'syntax error, u...', '/var/www/cakeph...', 11, Array)
#3 /var/www/cakephp_chat/Vendor/pear-pear.cakephp.org/CakePHP/Cake/Core/App.php(902): App::_checkFatalError()
#4 [internal function]: App::shutdown()
#5 {main}
2014-01-01 01:29:05 Error: [MissingActionException] Action UsersController::add() could not be found.
Exception Attributes: array (
  'controller' => 'UsersController',
  'action' => 'add',
)
Request URL: /cakephp_chat/users/add
Stack Trace:
#0 /var/www/cakephp_chat/Vendor/pear-pear.cakephp.org/CakePHP/Cake/Routing/Dispatcher.php(185): Controller->invokeAction(Object(CakeRequest))
#1 /var/www/cakephp_chat/Vendor/pear-pear.cakephp.org/CakePHP/Cake/Routing/Dispatcher.php(160): Dispatcher->_invoke(Object(UsersController), Object(CakeRequest), Object(CakeResponse))
#2 /var/www/cakephp_chat/webroot/index.php(99): Dispatcher->dispatch(Object(CakeRequest), Object(CakeResponse))
#3 {main}
